<?xml version="1.0" encoding="UTF-8"?>
<!-- Generated by org.testng.reporters.JUnitReportReporter -->
<testsuite hostname="DESKTOP-SQDPO82" failures="0" tests="1" name="com.sevenrmartsupermart.tests.LoginTest" time="11.964" errors="0" timestamp="2024-11-21T19:33:07 IST" skipped="0">
  <testcase classname="com.sevenrmartsupermart.tests.LoginTest" name="verifyInvalidLogin" time="11.964"/>
  <system-out/>
</testsuite> <!-- com.sevenrmartsupermart.tests.LoginTest -->
